[0.007s] Invoking command in '/home/thuong/ros2/src/mobile_robot/build/mobile_robot': CMAKE_PREFIX_PATH=/opt/ros/humble /usr/bin/cmake /home/thuong/ros2/src/mobile_robot -DCMAKE_INSTALL_PREFIX=/home/thuong/ros2/src/mobile_robot/install/mobile_robot
[0.026s] -- Found ament_cmake: 1.3.12 (/opt/ros/humble/share/ament_cmake/cmake)
[0.123s] -- Override CMake install command with custom implementation using symlinks instead of copying resources
[0.139s] -- Found ament_lint_auto: 0.12.14 (/opt/ros/humble/share/ament_lint_auto/cmake)
[0.217s] -- Added test 'cppcheck' to perform static code analysis on C / C++ code
[0.217s] -- Configured cppcheck include dirs: 
[0.217s] -- Configured cppcheck exclude dirs and/or files: 
[0.219s] -- Added test 'flake8' to check Python code syntax and style conventions
[0.223s] -- Added test 'lint_cmake' to check CMake code style
[0.225s] -- Added test 'pep257' to check Python code against some of the docstring style conventions in PEP 257
[0.238s] -- Added test 'uncrustify' to check C / C++ code style
[0.238s] -- Configured uncrustify additional arguments: 
[0.240s] -- Added test 'xmllint' to check XML markup files
[0.242s] -- Configuring done
[0.245s] -- Generating done
[0.247s] -- Build files have been written to: /home/thuong/ros2/src/mobile_robot/build/mobile_robot
[0.250s] Invoked command in '/home/thuong/ros2/src/mobile_robot/build/mobile_robot' returned '0': CMAKE_PREFIX_PATH=/opt/ros/humble /usr/bin/cmake /home/thuong/ros2/src/mobile_robot -DCMAKE_INSTALL_PREFIX=/home/thuong/ros2/src/mobile_robot/install/mobile_robot
[0.251s] Invoking command in '/home/thuong/ros2/src/mobile_robot/build/mobile_robot': CMAKE_PREFIX_PATH=/opt/ros/humble /usr/bin/cmake --build /home/thuong/ros2/src/mobile_robot/build/mobile_robot -- -j12 -l12
[0.283s] Invoked command in '/home/thuong/ros2/src/mobile_robot/build/mobile_robot' returned '0': CMAKE_PREFIX_PATH=/opt/ros/humble /usr/bin/cmake --build /home/thuong/ros2/src/mobile_robot/build/mobile_robot -- -j12 -l12
[0.291s] Invoking command in '/home/thuong/ros2/src/mobile_robot/build/mobile_robot': CMAKE_PREFIX_PATH=/opt/ros/humble /usr/bin/cmake --install /home/thuong/ros2/src/mobile_robot/build/mobile_robot
[0.296s] -- Install configuration: ""
[0.297s] -- Execute custom install script
[0.297s] -- Up-to-date symlink: /home/thuong/ros2/src/mobile_robot/install/mobile_robot/share/mobile_robot/launch/launch_sim.launch.py
[0.297s] -- Up-to-date symlink: /home/thuong/ros2/src/mobile_robot/install/mobile_robot/share/mobile_robot/launch/rsp.launch.py
[0.297s] -- Up-to-date symlink: /home/thuong/ros2/src/mobile_robot/install/mobile_robot/share/mobile_robot/launch/rviz2.launch.py
[0.297s] -- Up-to-date symlink: /home/thuong/ros2/src/mobile_robot/install/mobile_robot/share/mobile_robot/xacro/gazebo_control.xacro
[0.297s] -- Up-to-date symlink: /home/thuong/ros2/src/mobile_robot/install/mobile_robot/share/mobile_robot/xacro/inertial_macros.xacro
[0.298s] -- Up-to-date symlink: /home/thuong/ros2/src/mobile_robot/install/mobile_robot/share/mobile_robot/xacro/robot.urdf.xacro
[0.298s] -- Up-to-date symlink: /home/thuong/ros2/src/mobile_robot/install/mobile_robot/share/mobile_robot/xacro/robot.xacro
[0.298s] -- Up-to-date symlink: /home/thuong/ros2/src/mobile_robot/install/mobile_robot/share/mobile_robot/xacro/ros2_control.xacro
[0.298s] -- Up-to-date symlink: /home/thuong/ros2/src/mobile_robot/install/mobile_robot/share/mobile_robot/config/my_controller.yaml
[0.298s] -- Up-to-date symlink: /home/thuong/ros2/src/mobile_robot/install/mobile_robot/share/ament_index/resource_index/package_run_dependencies/mobile_robot
[0.298s] -- Up-to-date symlink: /home/thuong/ros2/src/mobile_robot/install/mobile_robot/share/ament_index/resource_index/parent_prefix_path/mobile_robot
[0.298s] -- Up-to-date symlink: /home/thuong/ros2/src/mobile_robot/install/mobile_robot/share/mobile_robot/environment/ament_prefix_path.sh
[0.298s] -- Up-to-date symlink: /home/thuong/ros2/src/mobile_robot/install/mobile_robot/share/mobile_robot/environment/ament_prefix_path.dsv
[0.298s] -- Up-to-date symlink: /home/thuong/ros2/src/mobile_robot/install/mobile_robot/share/mobile_robot/environment/path.sh
[0.299s] -- Up-to-date symlink: /home/thuong/ros2/src/mobile_robot/install/mobile_robot/share/mobile_robot/environment/path.dsv
[0.299s] -- Up-to-date symlink: /home/thuong/ros2/src/mobile_robot/install/mobile_robot/share/mobile_robot/local_setup.bash
[0.299s] -- Up-to-date symlink: /home/thuong/ros2/src/mobile_robot/install/mobile_robot/share/mobile_robot/local_setup.sh
[0.299s] -- Up-to-date symlink: /home/thuong/ros2/src/mobile_robot/install/mobile_robot/share/mobile_robot/local_setup.zsh
[0.299s] -- Up-to-date symlink: /home/thuong/ros2/src/mobile_robot/install/mobile_robot/share/mobile_robot/local_setup.dsv
[0.299s] -- Symlinking: /home/thuong/ros2/src/mobile_robot/install/mobile_robot/share/mobile_robot/package.dsv
[0.306s] -- Up-to-date symlink: /home/thuong/ros2/src/mobile_robot/install/mobile_robot/share/ament_index/resource_index/packages/mobile_robot
[0.307s] -- Up-to-date symlink: /home/thuong/ros2/src/mobile_robot/install/mobile_robot/share/mobile_robot/cmake/mobile_robotConfig.cmake
[0.307s] -- Up-to-date symlink: /home/thuong/ros2/src/mobile_robot/install/mobile_robot/share/mobile_robot/cmake/mobile_robotConfig-version.cmake
[0.307s] -- Up-to-date symlink: /home/thuong/ros2/src/mobile_robot/install/mobile_robot/share/mobile_robot/package.xml
[0.308s] Invoked command in '/home/thuong/ros2/src/mobile_robot/build/mobile_robot' returned '0': CMAKE_PREFIX_PATH=/opt/ros/humble /usr/bin/cmake --install /home/thuong/ros2/src/mobile_robot/build/mobile_robot
