[0.036s] Invoking command in '/home/thuong/ros2/src/mobile_robot/build/mobile_robot': CMAKE_PREFIX_PATH=${CMAKE_PREFIX_PATH}:/opt/ros/humble /usr/bin/cmake --build /home/thuong/ros2/src/mobile_robot/build/mobile_robot -- -j12 -l12
[0.136s] -- Found ament_cmake: 1.3.12 (/opt/ros/humble/share/ament_cmake/cmake)
[0.394s] -- Found ament_lint_auto: 0.12.14 (/opt/ros/humble/share/ament_lint_auto/cmake)
[0.569s] -- Added test 'cppcheck' to perform static code analysis on C / C++ code
[0.570s] -- Configured cppcheck include dirs: 
[0.570s] -- Configured cppcheck exclude dirs and/or files: 
[0.578s] -- Added test 'flake8' to check Python code syntax and style conventions
[0.592s] -- Added test 'lint_cmake' to check CMake code style
[0.600s] -- Added test 'pep257' to check Python code against some of the docstring style conventions in PEP 257
[0.651s] -- Added test 'uncrustify' to check C / C++ code style
[0.651s] -- Configured uncrustify additional arguments: 
[0.659s] -- Added test 'xmllint' to check XML markup files
[0.663s] -- Configuring done
[0.675s] -- Generating done
[0.680s] -- Build files have been written to: /home/thuong/ros2/src/mobile_robot/build/mobile_robot
[0.726s] Invoked command in '/home/thuong/ros2/src/mobile_robot/build/mobile_robot' returned '0': CMAKE_PREFIX_PATH=${CMAKE_PREFIX_PATH}:/opt/ros/humble /usr/bin/cmake --build /home/thuong/ros2/src/mobile_robot/build/mobile_robot -- -j12 -l12
[0.746s] Invoking command in '/home/thuong/ros2/src/mobile_robot/build/mobile_robot': CMAKE_PREFIX_PATH=${CMAKE_PREFIX_PATH}:/opt/ros/humble /usr/bin/cmake --install /home/thuong/ros2/src/mobile_robot/build/mobile_robot
[0.761s] -- Install configuration: ""
[0.761s] -- Up-to-date: /home/thuong/ros2/src/mobile_robot/install/mobile_robot/share/mobile_robot/launch
[0.761s] -- Installing: /home/thuong/ros2/src/mobile_robot/install/mobile_robot/share/mobile_robot/launch/rviz2.launch.py
[0.761s] -- Installing: /home/thuong/ros2/src/mobile_robot/install/mobile_robot/share/mobile_robot/launch/rsp.launch.py
[0.762s] -- Installing: /home/thuong/ros2/src/mobile_robot/install/mobile_robot/share/mobile_robot/launch/launch_sim.launch.py
[0.762s] -- Up-to-date: /home/thuong/ros2/src/mobile_robot/install/mobile_robot/share/mobile_robot/xacro
[0.763s] -- Installing: /home/thuong/ros2/src/mobile_robot/install/mobile_robot/share/mobile_robot/xacro/robot.xacro
[0.763s] -- Installing: /home/thuong/ros2/src/mobile_robot/install/mobile_robot/share/mobile_robot/xacro/gazebo_control.xacro
[0.763s] -- Installing: /home/thuong/ros2/src/mobile_robot/install/mobile_robot/share/mobile_robot/xacro/ros2_control.xacro
[0.764s] -- Installing: /home/thuong/ros2/src/mobile_robot/install/mobile_robot/share/mobile_robot/xacro/robot.urdf.xacro
[0.764s] -- Installing: /home/thuong/ros2/src/mobile_robot/install/mobile_robot/share/mobile_robot/xacro/inertial_macros.xacro
[0.765s] -- Installing: /home/thuong/ros2/src/mobile_robot/install/mobile_robot/share/mobile_robot/config
[0.766s] -- Installing: /home/thuong/ros2/src/mobile_robot/install/mobile_robot/share/mobile_robot/config/my_controller.yaml
[0.767s] -- Up-to-date: /home/thuong/ros2/src/mobile_robot/install/mobile_robot/share/ament_index/resource_index/package_run_dependencies/mobile_robot
[0.767s] -- Installing: /home/thuong/ros2/src/mobile_robot/install/mobile_robot/share/ament_index/resource_index/parent_prefix_path/mobile_robot
[0.768s] -- Installing: /home/thuong/ros2/src/mobile_robot/install/mobile_robot/share/mobile_robot/environment/ament_prefix_path.sh
[0.768s] -- Installing: /home/thuong/ros2/src/mobile_robot/install/mobile_robot/share/mobile_robot/environment/ament_prefix_path.dsv
[0.769s] -- Installing: /home/thuong/ros2/src/mobile_robot/install/mobile_robot/share/mobile_robot/environment/path.sh
[0.769s] -- Installing: /home/thuong/ros2/src/mobile_robot/install/mobile_robot/share/mobile_robot/environment/path.dsv
[0.770s] -- Up-to-date: /home/thuong/ros2/src/mobile_robot/install/mobile_robot/share/mobile_robot/local_setup.bash
[0.770s] -- Up-to-date: /home/thuong/ros2/src/mobile_robot/install/mobile_robot/share/mobile_robot/local_setup.sh
[0.770s] -- Up-to-date: /home/thuong/ros2/src/mobile_robot/install/mobile_robot/share/mobile_robot/local_setup.zsh
[0.770s] -- Installing: /home/thuong/ros2/src/mobile_robot/install/mobile_robot/share/mobile_robot/local_setup.dsv
[0.771s] -- Installing: /home/thuong/ros2/src/mobile_robot/install/mobile_robot/share/mobile_robot/package.dsv
[0.771s] -- Up-to-date: /home/thuong/ros2/src/mobile_robot/install/mobile_robot/share/ament_index/resource_index/packages/mobile_robot
[0.771s] -- Up-to-date: /home/thuong/ros2/src/mobile_robot/install/mobile_robot/share/mobile_robot/cmake/mobile_robotConfig.cmake
[0.771s] -- Up-to-date: /home/thuong/ros2/src/mobile_robot/install/mobile_robot/share/mobile_robot/cmake/mobile_robotConfig-version.cmake
[0.771s] -- Up-to-date: /home/thuong/ros2/src/mobile_robot/install/mobile_robot/share/mobile_robot/package.xml
[0.777s] Invoked command in '/home/thuong/ros2/src/mobile_robot/build/mobile_robot' returned '0': CMAKE_PREFIX_PATH=${CMAKE_PREFIX_PATH}:/opt/ros/humble /usr/bin/cmake --install /home/thuong/ros2/src/mobile_robot/build/mobile_robot
