[0.022s] Invoking command in '/home/thuong/ros2/src/mobile_robot/build/mobile_robot': CMAKE_PREFIX_PATH=${CMAKE_PREFIX_PATH}:/opt/ros/humble /usr/bin/cmake /home/thuong/ros2/src/mobile_robot -DAMENT_CMAKE_SYMLINK_INSTALL=1 -DCMAKE_INSTALL_PREFIX=/home/thuong/ros2/src/mobile_robot/install/mobile_robot
[0.044s] -- Found ament_cmake: 1.3.12 (/opt/ros/humble/share/ament_cmake/cmake)
[0.261s] -- Override CMake install command with custom implementation using symlinks instead of copying resources
[0.279s] -- Found ament_lint_auto: 0.12.14 (/opt/ros/humble/share/ament_lint_auto/cmake)
[0.451s] -- Added test 'cppcheck' to perform static code analysis on C / C++ code
[0.451s] -- Configured cppcheck include dirs: 
[0.451s] -- Configured cppcheck exclude dirs and/or files: 
[0.459s] -- Added test 'flake8' to check Python code syntax and style conventions
[0.472s] -- Added test 'lint_cmake' to check CMake code style
[0.479s] -- Added test 'pep257' to check Python code against some of the docstring style conventions in PEP 257
[0.530s] -- Added test 'uncrustify' to check C / C++ code style
[0.531s] -- Configured uncrustify additional arguments: 
[0.538s] -- Added test 'xmllint' to check XML markup files
[0.540s] -- Configuring done
[0.546s] -- Generating done
[0.550s] -- Build files have been written to: /home/thuong/ros2/src/mobile_robot/build/mobile_robot
[0.556s] Invoked command in '/home/thuong/ros2/src/mobile_robot/build/mobile_robot' returned '0': CMAKE_PREFIX_PATH=${CMAKE_PREFIX_PATH}:/opt/ros/humble /usr/bin/cmake /home/thuong/ros2/src/mobile_robot -DAMENT_CMAKE_SYMLINK_INSTALL=1 -DCMAKE_INSTALL_PREFIX=/home/thuong/ros2/src/mobile_robot/install/mobile_robot
[0.559s] Invoking command in '/home/thuong/ros2/src/mobile_robot/build/mobile_robot': CMAKE_PREFIX_PATH=${CMAKE_PREFIX_PATH}:/opt/ros/humble /usr/bin/cmake --build /home/thuong/ros2/src/mobile_robot/build/mobile_robot -- -j12 -l12
[0.635s] Invoked command in '/home/thuong/ros2/src/mobile_robot/build/mobile_robot' returned '0': CMAKE_PREFIX_PATH=${CMAKE_PREFIX_PATH}:/opt/ros/humble /usr/bin/cmake --build /home/thuong/ros2/src/mobile_robot/build/mobile_robot -- -j12 -l12
[0.654s] Invoking command in '/home/thuong/ros2/src/mobile_robot/build/mobile_robot': CMAKE_PREFIX_PATH=${CMAKE_PREFIX_PATH}:/opt/ros/humble /usr/bin/cmake --install /home/thuong/ros2/src/mobile_robot/build/mobile_robot
[0.668s] -- Install configuration: ""
[0.669s] -- Execute custom install script
[0.670s] -- Symlinking: /home/thuong/ros2/src/mobile_robot/install/mobile_robot/share/mobile_robot/launch/launch_sim.launch.py
[0.687s] -- Symlinking: /home/thuong/ros2/src/mobile_robot/install/mobile_robot/share/mobile_robot/launch/rsp.launch.py
[0.705s] -- Symlinking: /home/thuong/ros2/src/mobile_robot/install/mobile_robot/share/mobile_robot/launch/rviz2.launch.py
[0.723s] -- Symlinking: /home/thuong/ros2/src/mobile_robot/install/mobile_robot/share/mobile_robot/xacro/gazebo_control.xacro
[0.741s] -- Symlinking: /home/thuong/ros2/src/mobile_robot/install/mobile_robot/share/mobile_robot/xacro/inertial_macros.xacro
[0.759s] -- Symlinking: /home/thuong/ros2/src/mobile_robot/install/mobile_robot/share/mobile_robot/xacro/robot.urdf.xacro
[0.776s] -- Symlinking: /home/thuong/ros2/src/mobile_robot/install/mobile_robot/share/mobile_robot/xacro/robot.xacro
[0.793s] -- Symlinking: /home/thuong/ros2/src/mobile_robot/install/mobile_robot/share/mobile_robot/xacro/ros2_control.xacro
[0.811s] -- Symlinking: /home/thuong/ros2/src/mobile_robot/install/mobile_robot/share/mobile_robot/config/my_controller.yaml
[0.830s] -- Symlinking: /home/thuong/ros2/src/mobile_robot/install/mobile_robot/share/ament_index/resource_index/package_run_dependencies/mobile_robot
[0.849s] -- Symlinking: /home/thuong/ros2/src/mobile_robot/install/mobile_robot/share/ament_index/resource_index/parent_prefix_path/mobile_robot
[0.867s] -- Symlinking: /home/thuong/ros2/src/mobile_robot/install/mobile_robot/share/mobile_robot/environment/ament_prefix_path.sh
[0.885s] -- Symlinking: /home/thuong/ros2/src/mobile_robot/install/mobile_robot/share/mobile_robot/environment/ament_prefix_path.dsv
[0.903s] -- Symlinking: /home/thuong/ros2/src/mobile_robot/install/mobile_robot/share/mobile_robot/environment/path.sh
[0.921s] -- Symlinking: /home/thuong/ros2/src/mobile_robot/install/mobile_robot/share/mobile_robot/environment/path.dsv
[0.940s] -- Symlinking: /home/thuong/ros2/src/mobile_robot/install/mobile_robot/share/mobile_robot/local_setup.bash
[0.958s] -- Symlinking: /home/thuong/ros2/src/mobile_robot/install/mobile_robot/share/mobile_robot/local_setup.sh
[0.976s] -- Symlinking: /home/thuong/ros2/src/mobile_robot/install/mobile_robot/share/mobile_robot/local_setup.zsh
[0.993s] -- Symlinking: /home/thuong/ros2/src/mobile_robot/install/mobile_robot/share/mobile_robot/local_setup.dsv
[1.012s] -- Symlinking: /home/thuong/ros2/src/mobile_robot/install/mobile_robot/share/mobile_robot/package.dsv
[1.031s] -- Symlinking: /home/thuong/ros2/src/mobile_robot/install/mobile_robot/share/ament_index/resource_index/packages/mobile_robot
[1.049s] -- Symlinking: /home/thuong/ros2/src/mobile_robot/install/mobile_robot/share/mobile_robot/cmake/mobile_robotConfig.cmake
[1.067s] -- Symlinking: /home/thuong/ros2/src/mobile_robot/install/mobile_robot/share/mobile_robot/cmake/mobile_robotConfig-version.cmake
[1.085s] -- Symlinking: /home/thuong/ros2/src/mobile_robot/install/mobile_robot/share/mobile_robot/package.xml
[1.107s] Invoked command in '/home/thuong/ros2/src/mobile_robot/build/mobile_robot' returned '0': CMAKE_PREFIX_PATH=${CMAKE_PREFIX_PATH}:/opt/ros/humble /usr/bin/cmake --install /home/thuong/ros2/src/mobile_robot/build/mobile_robot
