[1.205s] DEBUG:colcon:Command line arguments: ['/usr/bin/colcon', 'build']
[1.205s] DEBUG:colcon:Parsed command line arguments: Namespace(log_base=None, log_level=None, verb_name='build', build_base='build', install_base='install', merge_install=False, symlink_install=False, test_result_base=None, continue_on_error=False, executor='parallel', parallel_workers=4, event_handlers=None, ignore_user_meta=False, metas=['./colcon.meta'], base_paths=['.'], packages_ignore=None, packages_ignore_regex=None, paths=None, packages_up_to=None, packages_up_to_regex=None, packages_above=None, packages_above_and_dependencies=None, packages_above_depth=None, packages_select_by_dep=None, packages_skip_by_dep=None, packages_skip_up_to=None, packages_select_build_failed=False, packages_skip_build_finished=False, packages_select_test_failures=False, packages_skip_test_passed=False, packages_select=None, packages_skip=None, packages_select_regex=None, packages_skip_regex=None, packages_start=None, packages_end=None, allow_overriding=[], cmake_args=None, cmake_target=None, cmake_target_skip_unavailable=False, cmake_clean_cache=False, cmake_clean_first=False, cmake_force_configure=False, ament_cmake_args=None, catkin_cmake_args=None, catkin_skip_building_tests=False, mixin_files=None, mixin=None, verb_parser=<colcon_mixin.mixin.mixin_argument.MixinArgumentDecorator object at 0x7604d4c52560>, verb_extension=<colcon_core.verb.build.BuildVerb object at 0x7604d4c51f90>, main=<bound method BuildVerb.main of <colcon_core.verb.build.BuildVerb object at 0x7604d4c51f90>>, mixin_verb=('build',))
[2.285s] Level 1:colcon.colcon_core.package_discovery:discover_packages(colcon_meta) check parameters
[2.286s] Level 1:colcon.colcon_core.package_discovery:discover_packages(recursive) check parameters
[2.286s] Level 1:colcon.colcon_core.package_discovery:discover_packages(ignore) check parameters
[2.286s] Level 1:colcon.colcon_core.package_discovery:discover_packages(path) check parameters
[2.286s] Level 1:colcon.colcon_core.package_discovery:discover_packages(colcon_meta) discover
[2.286s] Level 1:colcon.colcon_core.package_discovery:discover_packages(recursive) discover
[2.286s] INFO:colcon.colcon_core.package_discovery:Crawling recursively for packages in '/home/thuong/ros2/src/mobile_robot'
[2.287s] Level 1:colcon.colcon_core.package_identification:_identify(.) by extensions ['ignore', 'ignore_ament_install']
[2.287s] Level 1:colcon.colcon_core.package_identification:_identify(.) by extension 'ignore'
[2.287s] Level 1:colcon.colcon_core.package_identification:_identify(.) by extension 'ignore_ament_install'
[2.287s] Level 1:colcon.colcon_core.package_identification:_identify(.) by extensions ['colcon_pkg']
[2.288s] Level 1:colcon.colcon_core.package_identification:_identify(.) by extension 'colcon_pkg'
[2.288s] Level 1:colcon.colcon_core.package_identification:_identify(.) by extensions ['colcon_meta']
[2.288s] Level 1:colcon.colcon_core.package_identification:_identify(.) by extension 'colcon_meta'
[2.288s] Level 1:colcon.colcon_core.package_identification:_identify(.) by extensions ['ros']
[2.288s] Level 1:colcon.colcon_core.package_identification:_identify(.) by extension 'ros'
[2.346s] DEBUG:colcon.colcon_core.package_identification:Package '.' with type 'ros.ament_cmake' and name 'mobile_robot'
[2.346s] Level 1:colcon.colcon_core.package_discovery:discover_packages(recursive) using defaults
[2.346s] Level 1:colcon.colcon_core.package_discovery:discover_packages(ignore) discover
[2.346s] Level 1:colcon.colcon_core.package_discovery:discover_packages(ignore) using defaults
[2.346s] Level 1:colcon.colcon_core.package_discovery:discover_packages(path) discover
[2.346s] Level 1:colcon.colcon_core.package_discovery:discover_packages(path) using defaults
[2.460s] Level 1:colcon.colcon_core.package_discovery:discover_packages(prefix_path) check parameters
[2.460s] Level 1:colcon.colcon_core.package_discovery:discover_packages(prefix_path) discover
[2.477s] DEBUG:colcon.colcon_installed_package_information.package_discovery:Found 6 installed packages in /home/thuong/ros2/install
[2.478s] DEBUG:colcon.colcon_installed_package_information.package_discovery:Found 11 installed packages in /home/thuong/ros2/src/install
[2.483s] DEBUG:colcon.colcon_installed_package_information.package_discovery:Found 275 installed packages in /opt/ros/humble
[2.486s] Level 1:colcon.colcon_core.package_discovery:discover_packages(prefix_path) using defaults
[2.651s] Level 5:colcon.colcon_core.verb:set package 'mobile_robot' build argument 'cmake_args' from command line to 'None'
[2.651s] Level 5:colcon.colcon_core.verb:set package 'mobile_robot' build argument 'cmake_target' from command line to 'None'
[2.651s] Level 5:colcon.colcon_core.verb:set package 'mobile_robot' build argument 'cmake_target_skip_unavailable' from command line to 'False'
[2.651s] Level 5:colcon.colcon_core.verb:set package 'mobile_robot' build argument 'cmake_clean_cache' from command line to 'False'
[2.652s] Level 5:colcon.colcon_core.verb:set package 'mobile_robot' build argument 'cmake_clean_first' from command line to 'False'
[2.652s] Level 5:colcon.colcon_core.verb:set package 'mobile_robot' build argument 'cmake_force_configure' from command line to 'False'
[2.652s] Level 5:colcon.colcon_core.verb:set package 'mobile_robot' build argument 'ament_cmake_args' from command line to 'None'
[2.652s] Level 5:colcon.colcon_core.verb:set package 'mobile_robot' build argument 'catkin_cmake_args' from command line to 'None'
[2.652s] Level 5:colcon.colcon_core.verb:set package 'mobile_robot' build argument 'catkin_skip_building_tests' from command line to 'False'
[2.652s] DEBUG:colcon.colcon_core.verb:Building package 'mobile_robot' with the following arguments: {'ament_cmake_args': None, 'build_base': '/home/thuong/ros2/src/mobile_robot/build/mobile_robot', 'catkin_cmake_args': None, 'catkin_skip_building_tests': False, 'cmake_args': None, 'cmake_clean_cache': False, 'cmake_clean_first': False, 'cmake_force_configure': False, 'cmake_target': None, 'cmake_target_skip_unavailable': False, 'install_base': '/home/thuong/ros2/src/mobile_robot/install/mobile_robot', 'merge_install': False, 'path': '/home/thuong/ros2/src/mobile_robot', 'symlink_install': False, 'test_result_base': None}
[2.652s] INFO:colcon.colcon_core.executor:Executing jobs using 'parallel' executor
[2.657s] DEBUG:colcon.colcon_parallel_executor.executor.parallel:run_until_complete
[2.657s] INFO:colcon.colcon_ros.task.ament_cmake.build:Building ROS package in '/home/thuong/ros2/src/mobile_robot' with build type 'ament_cmake'
[2.658s] INFO:colcon.colcon_cmake.task.cmake.build:Building CMake package in '/home/thuong/ros2/src/mobile_robot'
[2.681s] INFO:colcon.colcon_core.plugin_system:Skipping extension 'colcon_core.shell.bat': Not used on non-Windows systems
[2.681s] INFO:colcon.colcon_core.shell:Skip shell extension 'powershell' for command environment: Not usable outside of PowerShell
[2.681s] DEBUG:colcon.colcon_core.shell:Skip shell extension 'dsv' for command environment
[2.721s] DEBUG:colcon.colcon_core.event_handler.log_command:Invoking command in '/home/thuong/ros2/src/mobile_robot/build/mobile_robot': CMAKE_PREFIX_PATH=/home/thuong/ros2/install/urdf_tutorial_cpp:/opt/ros/humble:/home/thuong/ros2/install/urdf_tutorial:/home/thuong/ros2/install/mobile_robot:/home/thuong/ros2/install/mobile_dd_robot:/home/thuong/ros2/install/learn_urdf:/home/thuong/ros2/install/learn_URDF:/home/thuong/ros2/src/install/cpp_pubsub:/home/thuong/ros2/src/install/tutorial_interfaces:/home/thuong/ros2/src/install/rviz_plugin_tutorial_msgs:/home/thuong/ros2/src/install/polygon_base:/home/thuong/ros2/src/install/my_package:/home/thuong/ros2/src/install/exercies_rviz:/home/thuong/ros2/src/install/cpp_srvcli:/home/thuong/ros2/src/install/cpp_parameters:/home/thuong/ros2/src/install/action_tutorials_interfaces /usr/bin/cmake --build /home/thuong/ros2/src/mobile_robot/build/mobile_robot -- -j4 -l4
[4.292s] DEBUG:colcon.colcon_core.event_handler.log_command:Invoked command in '/home/thuong/ros2/src/mobile_robot/build/mobile_robot' returned '0': CMAKE_PREFIX_PATH=/home/thuong/ros2/install/urdf_tutorial_cpp:/opt/ros/humble:/home/thuong/ros2/install/urdf_tutorial:/home/thuong/ros2/install/mobile_robot:/home/thuong/ros2/install/mobile_dd_robot:/home/thuong/ros2/install/learn_urdf:/home/thuong/ros2/install/learn_URDF:/home/thuong/ros2/src/install/cpp_pubsub:/home/thuong/ros2/src/install/tutorial_interfaces:/home/thuong/ros2/src/install/rviz_plugin_tutorial_msgs:/home/thuong/ros2/src/install/polygon_base:/home/thuong/ros2/src/install/my_package:/home/thuong/ros2/src/install/exercies_rviz:/home/thuong/ros2/src/install/cpp_srvcli:/home/thuong/ros2/src/install/cpp_parameters:/home/thuong/ros2/src/install/action_tutorials_interfaces /usr/bin/cmake --build /home/thuong/ros2/src/mobile_robot/build/mobile_robot -- -j4 -l4
[4.330s] DEBUG:colcon.colcon_core.event_handler.log_command:Invoking command in '/home/thuong/ros2/src/mobile_robot/build/mobile_robot': CMAKE_PREFIX_PATH=/home/thuong/ros2/install/urdf_tutorial_cpp:/opt/ros/humble:/home/thuong/ros2/install/urdf_tutorial:/home/thuong/ros2/install/mobile_robot:/home/thuong/ros2/install/mobile_dd_robot:/home/thuong/ros2/install/learn_urdf:/home/thuong/ros2/install/learn_URDF:/home/thuong/ros2/src/install/cpp_pubsub:/home/thuong/ros2/src/install/tutorial_interfaces:/home/thuong/ros2/src/install/rviz_plugin_tutorial_msgs:/home/thuong/ros2/src/install/polygon_base:/home/thuong/ros2/src/install/my_package:/home/thuong/ros2/src/install/exercies_rviz:/home/thuong/ros2/src/install/cpp_srvcli:/home/thuong/ros2/src/install/cpp_parameters:/home/thuong/ros2/src/install/action_tutorials_interfaces /usr/bin/cmake --install /home/thuong/ros2/src/mobile_robot/build/mobile_robot
[4.380s] Level 1:colcon.colcon_core.environment:create_environment_scripts_only(mobile_robot)
[4.382s] DEBUG:colcon.colcon_core.event_handler.log_command:Invoked command in '/home/thuong/ros2/src/mobile_robot/build/mobile_robot' returned '0': CMAKE_PREFIX_PATH=/home/thuong/ros2/install/urdf_tutorial_cpp:/opt/ros/humble:/home/thuong/ros2/install/urdf_tutorial:/home/thuong/ros2/install/mobile_robot:/home/thuong/ros2/install/mobile_dd_robot:/home/thuong/ros2/install/learn_urdf:/home/thuong/ros2/install/learn_URDF:/home/thuong/ros2/src/install/cpp_pubsub:/home/thuong/ros2/src/install/tutorial_interfaces:/home/thuong/ros2/src/install/rviz_plugin_tutorial_msgs:/home/thuong/ros2/src/install/polygon_base:/home/thuong/ros2/src/install/my_package:/home/thuong/ros2/src/install/exercies_rviz:/home/thuong/ros2/src/install/cpp_srvcli:/home/thuong/ros2/src/install/cpp_parameters:/home/thuong/ros2/src/install/action_tutorials_interfaces /usr/bin/cmake --install /home/thuong/ros2/src/mobile_robot/build/mobile_robot
[4.405s] Level 1:colcon.colcon_core.environment:checking '/home/thuong/ros2/src/mobile_robot/install/mobile_robot' for CMake module files
[4.406s] Level 1:colcon.colcon_core.environment:checking '/home/thuong/ros2/src/mobile_robot/install/mobile_robot' for CMake config files
[4.407s] Level 1:colcon.colcon_core.shell:create_environment_hook('mobile_robot', 'cmake_prefix_path')
[4.407s] INFO:colcon.colcon_core.shell:Creating environment hook '/home/thuong/ros2/src/mobile_robot/install/mobile_robot/share/mobile_robot/hook/cmake_prefix_path.ps1'
[4.412s] INFO:colcon.colcon_core.shell:Creating environment descriptor '/home/thuong/ros2/src/mobile_robot/install/mobile_robot/share/mobile_robot/hook/cmake_prefix_path.dsv'
[4.414s] INFO:colcon.colcon_core.shell:Creating environment hook '/home/thuong/ros2/src/mobile_robot/install/mobile_robot/share/mobile_robot/hook/cmake_prefix_path.sh'
[4.418s] Level 1:colcon.colcon_core.environment:checking '/home/thuong/ros2/src/mobile_robot/install/mobile_robot/bin'
[4.418s] Level 1:colcon.colcon_core.environment:checking '/home/thuong/ros2/src/mobile_robot/install/mobile_robot/lib/pkgconfig/mobile_robot.pc'
[4.419s] Level 1:colcon.colcon_core.environment:checking '/home/thuong/ros2/src/mobile_robot/install/mobile_robot/lib/python3.10/site-packages'
[4.419s] Level 1:colcon.colcon_core.environment:checking '/home/thuong/ros2/src/mobile_robot/install/mobile_robot/bin'
[4.421s] INFO:colcon.colcon_core.shell:Creating package script '/home/thuong/ros2/src/mobile_robot/install/mobile_robot/share/mobile_robot/package.ps1'
[4.424s] INFO:colcon.colcon_core.shell:Creating package descriptor '/home/thuong/ros2/src/mobile_robot/install/mobile_robot/share/mobile_robot/package.dsv'
[4.427s] INFO:colcon.colcon_core.shell:Creating package script '/home/thuong/ros2/src/mobile_robot/install/mobile_robot/share/mobile_robot/package.sh'
[4.430s] INFO:colcon.colcon_core.shell:Creating package script '/home/thuong/ros2/src/mobile_robot/install/mobile_robot/share/mobile_robot/package.bash'
[4.433s] INFO:colcon.colcon_core.shell:Creating package script '/home/thuong/ros2/src/mobile_robot/install/mobile_robot/share/mobile_robot/package.zsh'
[4.436s] Level 1:colcon.colcon_core.environment:create_file_with_runtime_dependencies(/home/thuong/ros2/src/mobile_robot/install/mobile_robot/share/colcon-core/packages/mobile_robot)
[4.439s] Level 1:colcon.colcon_core.environment:create_environment_scripts_only(mobile_robot)
[4.439s] Level 1:colcon.colcon_core.environment:checking '/home/thuong/ros2/src/mobile_robot/install/mobile_robot' for CMake module files
[4.440s] Level 1:colcon.colcon_core.environment:checking '/home/thuong/ros2/src/mobile_robot/install/mobile_robot' for CMake config files
[4.440s] Level 1:colcon.colcon_core.shell:create_environment_hook('mobile_robot', 'cmake_prefix_path')
[4.441s] INFO:colcon.colcon_core.shell:Creating environment hook '/home/thuong/ros2/src/mobile_robot/install/mobile_robot/share/mobile_robot/hook/cmake_prefix_path.ps1'
[4.442s] INFO:colcon.colcon_core.shell:Creating environment descriptor '/home/thuong/ros2/src/mobile_robot/install/mobile_robot/share/mobile_robot/hook/cmake_prefix_path.dsv'
[4.444s] INFO:colcon.colcon_core.shell:Creating environment hook '/home/thuong/ros2/src/mobile_robot/install/mobile_robot/share/mobile_robot/hook/cmake_prefix_path.sh'
[4.445s] Level 1:colcon.colcon_core.environment:checking '/home/thuong/ros2/src/mobile_robot/install/mobile_robot/bin'
[4.446s] Level 1:colcon.colcon_core.environment:checking '/home/thuong/ros2/src/mobile_robot/install/mobile_robot/lib/pkgconfig/mobile_robot.pc'
[4.446s] Level 1:colcon.colcon_core.environment:checking '/home/thuong/ros2/src/mobile_robot/install/mobile_robot/lib/python3.10/site-packages'
[4.447s] Level 1:colcon.colcon_core.environment:checking '/home/thuong/ros2/src/mobile_robot/install/mobile_robot/bin'
[4.447s] INFO:colcon.colcon_core.shell:Creating package script '/home/thuong/ros2/src/mobile_robot/install/mobile_robot/share/mobile_robot/package.ps1'
[4.449s] INFO:colcon.colcon_core.shell:Creating package descriptor '/home/thuong/ros2/src/mobile_robot/install/mobile_robot/share/mobile_robot/package.dsv'
[4.450s] INFO:colcon.colcon_core.shell:Creating package script '/home/thuong/ros2/src/mobile_robot/install/mobile_robot/share/mobile_robot/package.sh'
[4.452s] INFO:colcon.colcon_core.shell:Creating package script '/home/thuong/ros2/src/mobile_robot/install/mobile_robot/share/mobile_robot/package.bash'
[4.454s] INFO:colcon.colcon_core.shell:Creating package script '/home/thuong/ros2/src/mobile_robot/install/mobile_robot/share/mobile_robot/package.zsh'
[4.456s] Level 1:colcon.colcon_core.environment:create_file_with_runtime_dependencies(/home/thuong/ros2/src/mobile_robot/install/mobile_robot/share/colcon-core/packages/mobile_robot)
[4.457s] DEBUG:colcon.colcon_parallel_executor.executor.parallel:closing loop
[4.458s] DEBUG:colcon.colcon_parallel_executor.executor.parallel:loop closed
[4.458s] DEBUG:colcon.colcon_parallel_executor.executor.parallel:run_until_complete finished with '0'
[4.459s] DEBUG:colcon.colcon_core.event_reactor:joining thread
[4.479s] INFO:colcon.colcon_core.plugin_system:Skipping extension 'colcon_notification.desktop_notification.terminal_notifier': Not used on non-Darwin systems
[4.479s] INFO:colcon.colcon_core.plugin_system:Skipping extension 'colcon_notification.desktop_notification.win32': Not used on non-Windows systems
[4.479s] INFO:colcon.colcon_notification.desktop_notification:Sending desktop notification using 'notify2'
[4.549s] DEBUG:colcon.colcon_core.event_reactor:joined thread
[4.550s] INFO:colcon.colcon_core.shell:Creating prefix script '/home/thuong/ros2/src/mobile_robot/install/local_setup.ps1'
[4.556s] INFO:colcon.colcon_core.shell:Creating prefix util module '/home/thuong/ros2/src/mobile_robot/install/_local_setup_util_ps1.py'
[4.562s] INFO:colcon.colcon_core.shell:Creating prefix chain script '/home/thuong/ros2/src/mobile_robot/install/setup.ps1'
[4.569s] INFO:colcon.colcon_core.shell:Creating prefix script '/home/thuong/ros2/src/mobile_robot/install/local_setup.sh'
[4.571s] INFO:colcon.colcon_core.shell:Creating prefix util module '/home/thuong/ros2/src/mobile_robot/install/_local_setup_util_sh.py'
[4.573s] INFO:colcon.colcon_core.shell:Creating prefix chain script '/home/thuong/ros2/src/mobile_robot/install/setup.sh'
[4.579s] INFO:colcon.colcon_core.shell:Creating prefix script '/home/thuong/ros2/src/mobile_robot/install/local_setup.bash'
[4.582s] INFO:colcon.colcon_core.shell:Creating prefix chain script '/home/thuong/ros2/src/mobile_robot/install/setup.bash'
[4.589s] INFO:colcon.colcon_core.shell:Creating prefix script '/home/thuong/ros2/src/mobile_robot/install/local_setup.zsh'
[4.591s] INFO:colcon.colcon_core.shell:Creating prefix chain script '/home/thuong/ros2/src/mobile_robot/install/setup.zsh'
