[0.014s] Invoking command in '/home/thuong/ros2/src/mobile_robot/build/mobile_robot': CMAKE_PREFIX_PATH=${CMAKE_PREFIX_PATH}:/opt/ros/humble /usr/bin/cmake /home/thuong/ros2/src/mobile_robot -DCMAKE_INSTALL_PREFIX=/home/thuong/ros2/src/mobile_robot/install/mobile_robot
[0.094s] -- The C compiler identification is GNU 11.4.0
[0.433s] -- The CXX compiler identification is GNU 11.4.0
[0.586s] -- Detecting C compiler ABI info
[0.670s] -- Detecting C compiler ABI info - done
[0.675s] -- Check for working C compiler: /usr/bin/cc - skipped
[0.675s] -- Detecting C compile features
[0.675s] -- Detecting C compile features - done
[0.677s] -- Detecting CXX compiler ABI info
[0.789s] -- Detecting CXX compiler ABI info - done
[0.794s] -- Check for working CXX compiler: /usr/bin/c++ - skipped
[0.794s] -- Detecting CXX compile features
[0.794s] -- Detecting CXX compile features - done
[0.795s] -- Found ament_cmake: 1.3.12 (/opt/ros/humble/share/ament_cmake/cmake)
[0.884s] -- Found Python3: /usr/bin/python3 (found version "3.10.12") found components: Interpreter 
[0.941s] -- Found ament_lint_auto: 0.12.14 (/opt/ros/humble/share/ament_lint_auto/cmake)
[0.990s] -- Added test 'cppcheck' to perform static code analysis on C / C++ code
[0.990s] -- Configured cppcheck include dirs: 
[0.990s] -- Configured cppcheck exclude dirs and/or files: 
[0.991s] -- Added test 'flake8' to check Python code syntax and style conventions
[0.992s] -- Added test 'lint_cmake' to check CMake code style
[0.993s] -- Added test 'pep257' to check Python code against some of the docstring style conventions in PEP 257
[0.997s] -- Added test 'uncrustify' to check C / C++ code style
[0.997s] -- Configured uncrustify additional arguments: 
[1.000s] -- Added test 'xmllint' to check XML markup files
[1.002s] -- Configuring done
[1.006s] -- Generating done
[1.008s] -- Build files have been written to: /home/thuong/ros2/src/mobile_robot/build/mobile_robot
[1.013s] Invoked command in '/home/thuong/ros2/src/mobile_robot/build/mobile_robot' returned '0': CMAKE_PREFIX_PATH=${CMAKE_PREFIX_PATH}:/opt/ros/humble /usr/bin/cmake /home/thuong/ros2/src/mobile_robot -DCMAKE_INSTALL_PREFIX=/home/thuong/ros2/src/mobile_robot/install/mobile_robot
[1.014s] Invoking command in '/home/thuong/ros2/src/mobile_robot/build/mobile_robot': CMAKE_PREFIX_PATH=${CMAKE_PREFIX_PATH}:/opt/ros/humble /usr/bin/cmake --build /home/thuong/ros2/src/mobile_robot/build/mobile_robot -- -j12 -l12
[1.040s] Invoked command in '/home/thuong/ros2/src/mobile_robot/build/mobile_robot' returned '0': CMAKE_PREFIX_PATH=${CMAKE_PREFIX_PATH}:/opt/ros/humble /usr/bin/cmake --build /home/thuong/ros2/src/mobile_robot/build/mobile_robot -- -j12 -l12
[1.047s] Invoking command in '/home/thuong/ros2/src/mobile_robot/build/mobile_robot': CMAKE_PREFIX_PATH=${CMAKE_PREFIX_PATH}:/opt/ros/humble /usr/bin/cmake --install /home/thuong/ros2/src/mobile_robot/build/mobile_robot
[1.051s] [31mCMake Error at cmake_install.cmake:46 (file):
[1.051s]   file INSTALL cannot find "/home/thuong/ros2/src/mobile_robot/urdf": No such
[1.051s]   file or directory.
[1.051s] 
[1.051s] [0m
[1.051s] -- Install configuration: ""
[1.052s] Invoked command in '/home/thuong/ros2/src/mobile_robot/build/mobile_robot' returned '1': CMAKE_PREFIX_PATH=${CMAKE_PREFIX_PATH}:/opt/ros/humble /usr/bin/cmake --install /home/thuong/ros2/src/mobile_robot/build/mobile_robot
