[0.009s] Invoking command in '/home/thuong/ros2/src/mobile_robot/build/mobile_robot': CMAKE_PREFIX_PATH=${CMAKE_PREFIX_PATH}:/opt/ros/humble /usr/bin/cmake --build /home/thuong/ros2/src/mobile_robot/build/mobile_robot -- -j12 -l12
[0.035s] Invoked command in '/home/thuong/ros2/src/mobile_robot/build/mobile_robot' returned '0': CMAKE_PREFIX_PATH=${CMAKE_PREFIX_PATH}:/opt/ros/humble /usr/bin/cmake --build /home/thuong/ros2/src/mobile_robot/build/mobile_robot -- -j12 -l12
[0.040s] Invoking command in '/home/thuong/ros2/src/mobile_robot/build/mobile_robot': CMAKE_PREFIX_PATH=${CMAKE_PREFIX_PATH}:/opt/ros/humble /usr/bin/cmake --install /home/thuong/ros2/src/mobile_robot/build/mobile_robot
[0.045s] -- Install configuration: ""
[0.045s] -- Installing: /home/thuong/ros2/src/mobile_robot/install/mobile_robot/share/mobile_robot/urdf
[0.045s] -- Installing: /home/thuong/ros2/src/mobile_robot/install/mobile_robot/share/mobile_robot/launch
[0.045s] -- Installing: /home/thuong/ros2/src/mobile_robot/install/mobile_robot/share/mobile_robot/launch/display.launch.py
[0.046s] -- Installing: /home/thuong/ros2/src/mobile_robot/install/mobile_robot/share/mobile_robot/xacro
[0.046s] -- Installing: /home/thuong/ros2/src/mobile_robot/install/mobile_robot/share/mobile_robot/xacro/inertial_macro.xacro
[0.046s] -- Installing: /home/thuong/ros2/src/mobile_robot/install/mobile_robot/share/mobile_robot/xacro/robot.xacro
[0.046s] -- Installing: /home/thuong/ros2/src/mobile_robot/install/mobile_robot/share/ament_index/resource_index/package_run_dependencies/mobile_robot
[0.046s] -- Installing: /home/thuong/ros2/src/mobile_robot/install/mobile_robot/share/ament_index/resource_index/parent_prefix_path/mobile_robot
[0.049s] -- Installing: /home/thuong/ros2/src/mobile_robot/install/mobile_robot/share/mobile_robot/environment/ament_prefix_path.sh
[0.049s] -- Installing: /home/thuong/ros2/src/mobile_robot/install/mobile_robot/share/mobile_robot/environment/ament_prefix_path.dsv
[0.049s] -- Installing: /home/thuong/ros2/src/mobile_robot/install/mobile_robot/share/mobile_robot/environment/path.sh
[0.049s] -- Installing: /home/thuong/ros2/src/mobile_robot/install/mobile_robot/share/mobile_robot/environment/path.dsv
[0.050s] -- Installing: /home/thuong/ros2/src/mobile_robot/install/mobile_robot/share/mobile_robot/local_setup.bash
[0.050s] -- Installing: /home/thuong/ros2/src/mobile_robot/install/mobile_robot/share/mobile_robot/local_setup.sh
[0.050s] -- Installing: /home/thuong/ros2/src/mobile_robot/install/mobile_robot/share/mobile_robot/local_setup.zsh
[0.050s] -- Installing: /home/thuong/ros2/src/mobile_robot/install/mobile_robot/share/mobile_robot/local_setup.dsv
[0.050s] -- Up-to-date: /home/thuong/ros2/src/mobile_robot/install/mobile_robot/share/mobile_robot/package.dsv
[0.050s] -- Installing: /home/thuong/ros2/src/mobile_robot/install/mobile_robot/share/ament_index/resource_index/packages/mobile_robot
[0.051s] -- Installing: /home/thuong/ros2/src/mobile_robot/install/mobile_robot/share/mobile_robot/cmake/mobile_robotConfig.cmake
[0.051s] -- Installing: /home/thuong/ros2/src/mobile_robot/install/mobile_robot/share/mobile_robot/cmake/mobile_robotConfig-version.cmake
[0.051s] -- Installing: /home/thuong/ros2/src/mobile_robot/install/mobile_robot/share/mobile_robot/package.xml
[0.053s] Invoked command in '/home/thuong/ros2/src/mobile_robot/build/mobile_robot' returned '0': CMAKE_PREFIX_PATH=${CMAKE_PREFIX_PATH}:/opt/ros/humble /usr/bin/cmake --install /home/thuong/ros2/src/mobile_robot/build/mobile_robot
